<?xml version="1.0" encoding="UTF-8"?>
<coverage generated="1582420029677" clover="3.2.0">
  <project timestamp="1582420029677" name="All files">
    <metrics statements="15" coveredstatements="15" conditionals="20" coveredconditionals="20" methods="2" coveredmethods="2" elements="37" coveredelements="37" complexity="0" loc="15" ncloc="15" packages="1" files="2" classes="2"/>
    <file name="Avatar.tsx" path="/Users/macbook/Praya/Project/DesignKit/src/components/Avatar/Avatar.tsx">
      <metrics statements="15" coveredstatements="15" conditionals="20" coveredconditionals="20" methods="2" coveredmethods="2"/>
      <line num="43" count="9" type="cond" truecount="2" falsecount="0"/>
      <line num="44" count="9" type="cond" truecount="2" falsecount="0"/>
      <line num="45" count="9" type="cond" truecount="2" falsecount="0"/>
      <line num="48" count="5" type="cond" truecount="2" falsecount="0"/>
      <line num="49" count="4" type="cond" truecount="2" falsecount="0"/>
      <line num="50" count="1" type="stmt"/>
      <line num="61" count="3" type="cond" truecount="2" falsecount="0"/>
      <line num="62" count="1" type="stmt"/>
      <line num="63" count="2" type="cond" truecount="2" falsecount="0"/>
      <line num="64" count="1" type="stmt"/>
      <line num="66" count="1" type="stmt"/>
      <line num="69" count="3" type="stmt"/>
      <line num="79" count="1" type="stmt"/>
      <line num="82" count="9" type="stmt"/>
      <line num="120" count="1" type="stmt"/>
    </file>
    <file name="index.ts" path="/Users/macbook/Praya/Project/DesignKit/src/components/Avatar/index.ts">
      <metrics statements="0" coveredstatements="0" conditionals="0" coveredconditionals="0" methods="0" coveredmethods="0"/>
    </file>
  </project>
</coverage>
