{"/Users/macbook/Praya/Project/DesignKit/src/components/Avatar/Avatar.tsx": {"path":"/Users/macbook/Praya/Project/DesignKit/src/components/Avatar/Avatar.tsx","statementMap":{"0":{"start":{"line":45,"column":28},"end":{"line":45,"column":79}},"1":{"start":{"line":48,"column":4},"end":{"line":77,"column":5}},"2":{"start":{"line":49,"column":6},"end":{"line":57,"column":7}},"3":{"start":{"line":50,"column":8},"end":{"line":56,"column":10}},"4":{"start":{"line":61,"column":6},"end":{"line":67,"column":7}},"5":{"start":{"line":62,"column":8},"end":{"line":62,"column":30}},"6":{"start":{"line":63,"column":13},"end":{"line":67,"column":7}},"7":{"start":{"line":64,"column":8},"end":{"line":64,"column":28}},"8":{"start":{"line":66,"column":8},"end":{"line":66,"column":29}},"9":{"start":{"line":69,"column":6},"end":{"line":76,"column":8}},"10":{"start":{"line":79,"column":4},"end":{"line":79,"column":16}},"11":{"start":{"line":82,"column":2},"end":{"line":117,"column":4}},"12":{"start":{"line":120,"column":15},"end":{"line":157,"column":2}}},"fnMap":{"0":{"name":"Avatar","decl":{"start":{"line":32,"column":24},"end":{"line":32,"column":30}},"loc":{"start":{"line":44,"column":16},"end":{"line":118,"column":1}},"line":44},"1":{"name":"getIcon","decl":{"start":{"line":47,"column":11},"end":{"line":47,"column":18}},"loc":{"start":{"line":47,"column":21},"end":{"line":80,"column":3}},"line":47}},"branchMap":{"0":{"loc":{"start":{"line":34,"column":2},"end":{"line":34,"column":16}},"type":"default-arg","locations":[{"start":{"line":34,"column":12},"end":{"line":34,"column":16}}],"line":34},"1":{"loc":{"start":{"line":35,"column":2},"end":{"line":35,"column":11}},"type":"default-arg","locations":[{"start":{"line":35,"column":9},"end":{"line":35,"column":11}}],"line":35},"2":{"loc":{"start":{"line":45,"column":28},"end":{"line":45,"column":79}},"type":"cond-expr","locations":[{"start":{"line":45,"column":53},"end":{"line":45,"column":61}},{"start":{"line":45,"column":64},"end":{"line":45,"column":79}}],"line":45},"3":{"loc":{"start":{"line":48,"column":4},"end":{"line":77,"column":5}},"type":"if","locations":[{"start":{"line":48,"column":4},"end":{"line":77,"column":5}},{"start":{"line":48,"column":4},"end":{"line":77,"column":5}}],"line":48},"4":{"loc":{"start":{"line":49,"column":6},"end":{"line":57,"column":7}},"type":"if","locations":[{"start":{"line":49,"column":6},"end":{"line":57,"column":7}},{"start":{"line":49,"column":6},"end":{"line":57,"column":7}}],"line":49},"5":{"loc":{"start":{"line":61,"column":6},"end":{"line":67,"column":7}},"type":"if","locations":[{"start":{"line":61,"column":6},"end":{"line":67,"column":7}},{"start":{"line":61,"column":6},"end":{"line":67,"column":7}}],"line":61},"6":{"loc":{"start":{"line":63,"column":13},"end":{"line":67,"column":7}},"type":"if","locations":[{"start":{"line":63,"column":13},"end":{"line":67,"column":7}},{"start":{"line":63,"column":13},"end":{"line":67,"column":7}}],"line":63},"7":{"loc":{"start":{"line":91,"column":12},"end":{"line":91,"column":47}},"type":"binary-expr","locations":[{"start":{"line":91,"column":12},"end":{"line":91,"column":19}},{"start":{"line":91,"column":23},"end":{"line":91,"column":47}}],"line":91},"8":{"loc":{"start":{"line":97,"column":7},"end":{"line":115,"column":7}},"type":"binary-expr","locations":[{"start":{"line":97,"column":7},"end":{"line":97,"column":25}},{"start":{"line":98,"column":8},"end":{"line":114,"column":35}}],"line":97},"9":{"loc":{"start":{"line":112,"column":13},"end":{"line":112,"column":44}},"type":"binary-expr","locations":[{"start":{"line":112,"column":13},"end":{"line":112,"column":31}},{"start":{"line":112,"column":35},"end":{"line":112,"column":44}}],"line":112}},"s":{"0":9,"1":5,"2":4,"3":1,"4":3,"5":1,"6":2,"7":1,"8":1,"9":3,"10":1,"11":9,"12":1},"f":{"0":9,"1":5},"b":{"0":[0],"1":[8],"2":[9,0],"3":[4,1],"4":[1,3],"5":[1,2],"6":[1,1],"7":[9,1],"8":[9,5],"9":[5,5]},"_coverageSchema":"43e27e138ebf9cfc5966b082cf9a028302ed4184","hash":"25857d4dcd0fe5f3b952bffd344d2b865be5e613"}
,"/Users/macbook/Praya/Project/DesignKit/src/components/Avatar/index.ts": {"path":"/Users/macbook/Praya/Project/DesignKit/src/components/Avatar/index.ts","statementMap":{},"fnMap":{},"branchMap":{},"s":{},"f":{},"b":{},"_coverageSchema":"43e27e138ebf9cfc5966b082cf9a028302ed4184","hash":"d9d8171a3cde952db7c5725530baeab8db1488d5"}
}
