TN:
SF:/Users/macbook/Praya/Project/DesignKit/src/components/Avatar/Avatar.tsx
FN:32,Avatar
FN:47,getIcon
FNF:2
FNH:2
FNDA:9,Avatar
FNDA:5,getIcon
DA:45,9
DA:48,5
DA:49,4
DA:50,1
DA:61,3
DA:62,1
DA:63,2
DA:64,1
DA:66,1
DA:69,3
DA:79,1
DA:82,9
DA:120,1
LF:13
LH:13
BRDA:34,0,0,0
BRDA:35,1,0,8
BRDA:45,2,0,9
BRDA:45,2,1,0
BRDA:48,3,0,4
BRDA:48,3,1,1
BRDA:49,4,0,1
BRDA:49,4,1,3
BRDA:61,5,0,1
BRDA:61,5,1,2
BRDA:63,6,0,1
BRDA:63,6,1,1
BRDA:91,7,0,9
BRDA:91,7,1,1
BRDA:97,8,0,9
BRDA:97,8,1,5
BRDA:112,9,0,5
BRDA:112,9,1,5
BRF:18
BRH:16
end_of_record
TN:
SF:/Users/macbook/Praya/Project/DesignKit/src/components/Avatar/index.ts
FNF:0
FNH:0
LF:0
LH:0
BRF:0
BRH:0
end_of_record
